Global conditions:

==: ARESETN, reg22_w_config150
==: 0, 1024 * shadow_M_AXI_AWADDR150 - 355 * origreg26_w_config150 - 23264925 * origshadow_M_AXI_AWADDR_wire + 9.9922091995627888E16, 14156 * M_AXI_AWADDR_INT150 - 9 * shadow_M_AXI_AWADDR3116 - 240708624 * origshadow_M_AXI_AWADDR_wire + 1.03383566746374349E18, 14156 * shadow_M_AXI_AWADDR150 - 9 * origshadow_M_AXI_AWADDR3116 - 240708615 * origshadow_M_AXI_AWADDR_wire + 1.03383562880903782E18, 1417 * M_AXI_AWADDR_INT150 - 3 * shadow_M_AXI_AWADDR150 - 24094668 * origshadow_M_AXI_AWADDR_wire + 1.034858110197884E17, 21845 * M_AXI_AWADDR_INT150 - 12 * shadow_M_AXI_AWADDR_wire3116 - 371452380 * origshadow_M_AXI_AWADDR_wire + 1.59537582337845965E18, 21845 * M_AXI_AWADDR_INT150 - 5692 * origshadow_M_AXI_AWADDR_wire3116 - 373025220 * origshadow_M_AXI_AWADDR_wire + 1.6021311201101801E18, 4096 * M_AXI_AWADDR_INT150 - 1423 * origreg26_w_config150 - 93256305 * origshadow_M_AXI_AWADDR_wire + 4.0053278002754502E17, 4369 * shadow_M_AXI_AWADDR150 - 1136 * origshadow_M_AXI_AWADDR_wire3116 - 74447760 * origshadow_M_AXI_AWADDR_wire + 3.1975069438600922E17, 7078 * M_AXI_AWADDR_INT150 - 9 * origshadow_M_AXI_AWADDR3116 - 120354303 * origshadow_M_AXI_AWADDR_wire + 5.1691779507716608E17, ARESETN - origARESETN - origshadow_M_AXI_AWADDR_wire + 4.294967295E9, M_AXI_AWADDR_INT - 65536 * shadow_M_AXI_AWADDR3116 - shadow_M_AXI_AWADDR150, M_AXI_AWADDR_wire - 65536 * M_AXI_AWADDR_INT3116 - M_AXI_AWADDR_INT150, M_AXI_AWADDR_wire150, M_AXI_AWADDR_wire3116, reg22_w_config3116, reg23_w_config, reg23_w_config150, reg24_w_config, reg24_w_config150, reg24_w_config3116, reg25_w_config150, reg25_w_config3116, reg26_w_config, reg27_w_config, reg27_w_config150, reg27_w_config3116, reg28_w_config, reg28_w_config150, reg28_w_config3116, reg29_w_config, reg29_w_config150, reg29_w_config3116, reg30_w_config, reg30_w_config150, reg30_w_config3116, reg31_w_config, reg31_w_config150, reg31_w_config3116, reg32_w_config, reg32_w_config150, reg32_w_config3116, reg33_w_config, reg33_w_config150, reg33_w_config3116, reg34_w_config, reg34_w_config150, reg34_w_config3116, reg35_w_config, reg35_w_config150, reg35_w_config3116, reg36_w_config, reg36_w_config150, reg36_w_config3116, shadow_M_AXI_AWADDR, shadow_M_AXI_AWADDR_INT150, shadow_M_AXI_AWADDR_INT3116, origreg22_w_config3116, origshadow_M_AXI_AWADDR, origshadow_M_AXI_AWADDR_INT150, origshadow_M_AXI_AWADDR_INT3116
==: shadow_M_AXI_AWADDR_wire150, shadow_M_AXI_AWADDR_wire3116
==: 4294967295L, shadow_M_AXI_AWADDR_wire
ARESETN one of { 0, 1 }
reg22_w_config one of { 0, 2952790016L }
reg23_w_config3116 one of { 0, 45056 }
reg25_w_config one of { 0, 4026580992L }
reg26_w_config3116 one of { 0, 61440 }
reg26_w_config150 one of { 0, 49152 }
shadow_M_AXI_AWADDR_INT one of { 0, 4294967295L }
shadow_M_AXI_AWADDR_wire3116 one of { 0, 65535 }

Given "0==orig(ARESETN)":

==: M_AXI_AWADDR_INT, M_AXI_AWADDR_INT150, M_AXI_AWADDR_INT3116, M_AXI_AWADDR_wire, reg22_w_config, reg22_w_config3116, reg23_w_config3116, reg25_w_config, reg26_w_config150, reg26_w_config3116, shadow_M_AXI_AWADDR150, shadow_M_AXI_AWADDR3116, shadow_M_AXI_AWADDR_INT, shadow_M_AXI_AWADDR_wire150, shadow_M_AXI_AWADDR_wire3116, origARESETN, origM_AXI_AWADDR_INT, origM_AXI_AWADDR_wire150, origM_AXI_AWADDR_wire3116, origreg22_w_config, origreg22_w_config150, origreg23_w_config, origreg23_w_config150, origreg23_w_config3116, origreg24_w_config, origreg24_w_config150, origreg24_w_config3116, origreg25_w_config, origreg25_w_config150, origreg25_w_config3116, origreg26_w_config, origreg26_w_config150, origreg26_w_config3116, origreg27_w_config, origreg27_w_config150, origreg27_w_config3116, origreg28_w_config, origreg28_w_config150, origreg28_w_config3116, origreg29_w_config, origreg29_w_config150, origreg29_w_config3116, origreg30_w_config, origreg30_w_config150, origreg30_w_config3116, origreg31_w_config, origreg31_w_config150, origreg31_w_config3116, origreg32_w_config, origreg32_w_config150, origreg32_w_config3116, origreg33_w_config, origreg33_w_config150, origreg33_w_config3116, origreg34_w_config, origreg34_w_config150, origreg34_w_config3116, origreg35_w_config, origreg35_w_config150, origreg35_w_config3116, origreg36_w_config, origreg36_w_config150, origreg36_w_config3116, origshadow_M_AXI_AWADDR150, origshadow_M_AXI_AWADDR3116, origshadow_M_AXI_AWADDR_INT, origshadow_M_AXI_AWADDR_wire150, origshadow_M_AXI_AWADDR_wire3116
==: shadow_M_AXI_AWADDR_wire, origshadow_M_AXI_AWADDR_wire

Given "not(0==orig(ARESETN))":

==: 1, origARESETN
==: 0, 14156 * M_AXI_AWADDR_INT150 - 9 * origM_AXI_AWADDR_INT3116 - 240708615 * origshadow_M_AXI_AWADDR_wire + 1.03383562880903782E18, shadow_M_AXI_AWADDR150 - origM_AXI_AWADDR_INT150 - 65535 * origshadow_M_AXI_AWADDR_wire + 2.8147068167782503E14

Given "0==orig(M_AXI_AWADDR_wire)":

==: 1, ARESETN, reg22_w_config150
==: 0, M_AXI_AWADDR_INT, M_AXI_AWADDR_wire - 65536 * M_AXI_AWADDR_INT3116 - M_AXI_AWADDR_INT150, M_AXI_AWADDR_wire150, M_AXI_AWADDR_wire3116, reg22_w_config3116, reg23_w_config, reg23_w_config150, reg24_w_config, reg24_w_config150, reg24_w_config3116, reg25_w_config150, reg25_w_config3116, reg26_w_config, reg27_w_config, reg27_w_config150, reg27_w_config3116, reg28_w_config, reg28_w_config150, reg28_w_config3116, reg29_w_config, reg29_w_config150, reg29_w_config3116, reg30_w_config, reg30_w_config150, reg30_w_config3116, reg31_w_config, reg31_w_config150, reg31_w_config3116, reg32_w_config, reg32_w_config150, reg32_w_config3116, reg33_w_config, reg33_w_config150, reg33_w_config3116, reg34_w_config, reg34_w_config150, reg34_w_config3116, reg35_w_config, reg35_w_config150, reg35_w_config3116, reg36_w_config, reg36_w_config150, reg36_w_config3116, shadow_M_AXI_AWADDR, shadow_M_AXI_AWADDR150, shadow_M_AXI_AWADDR3116, shadow_M_AXI_AWADDR_INT, shadow_M_AXI_AWADDR_INT150, shadow_M_AXI_AWADDR_INT3116, shadow_M_AXI_AWADDR_wire150, shadow_M_AXI_AWADDR_wire3116, origM_AXI_AWADDR_INT, origM_AXI_AWADDR_INT150, origM_AXI_AWADDR_INT3116, origM_AXI_AWADDR_wire, origM_AXI_AWADDR_wire150, origM_AXI_AWADDR_wire3116, origreg22_w_config3116, origreg23_w_config, origreg23_w_config150, origreg24_w_config, origreg24_w_config150, origreg24_w_config3116, origreg25_w_config150, origreg25_w_config3116, origreg26_w_config, origreg27_w_config, origreg27_w_config150, origreg27_w_config3116, origreg28_w_config, origreg28_w_config150, origreg28_w_config3116, origreg29_w_config, origreg29_w_config150, origreg29_w_config3116, origreg30_w_config, origreg30_w_config150, origreg30_w_config3116, origreg31_w_config, origreg31_w_config150, origreg31_w_config3116, origreg32_w_config, origreg32_w_config150, origreg32_w_config3116, origreg33_w_config, origreg33_w_config150, origreg33_w_config3116, origreg34_w_config, origreg34_w_config150, origreg34_w_config3116, origreg35_w_config, origreg35_w_config150, origreg35_w_config3116, origreg36_w_config, origreg36_w_config150, origreg36_w_config3116, origshadow_M_AXI_AWADDR, origshadow_M_AXI_AWADDR150, origshadow_M_AXI_AWADDR3116, origshadow_M_AXI_AWADDR_INT, origshadow_M_AXI_AWADDR_INT150, origshadow_M_AXI_AWADDR_INT3116, origshadow_M_AXI_AWADDR_wire150, origshadow_M_AXI_AWADDR_wire3116
==: 4294967295L, shadow_M_AXI_AWADDR_wire, origshadow_M_AXI_AWADDR_wire
==: origARESETN, origreg22_w_config150
origARESETN one of { 0, 1 }
origreg22_w_config one of { 0, 2952790016L }
origreg23_w_config3116 one of { 0, 45056 }
origreg25_w_config one of { 0, 4026580992L }
origreg26_w_config3116 one of { 0, 61440 }
origreg26_w_config150 one of { 0, 49152 }

Given "not(0==orig(M_AXI_AWADDR_wire))":

==: 0, 14156 * M_AXI_AWADDR_INT150 - 27 * origshadow_M_AXI_AWADDR3116 - 240708597 * origshadow_M_AXI_AWADDR_wire + 1.0338355514996265E18, 1420 * shadow_M_AXI_AWADDR150 - 3 * origshadow_M_AXI_AWADDR150 - 24342285 * origshadow_M_AXI_AWADDR_wire + 1.04549317936423408E17, 1423 * M_AXI_AWADDR_INT150 - 9 * origshadow_M_AXI_AWADDR150 - 24786507 * origshadow_M_AXI_AWADDR_wire + 1.06457236898091888E17, 21845 * M_AXI_AWADDR_INT150 - 36 * origshadow_M_AXI_AWADDR_wire3116 - 373811640 * origshadow_M_AXI_AWADDR_wire + 1.60550876791886131E18, 21845 * shadow_M_AXI_AWADDR150 - 24 * origshadow_M_AXI_AWADDR_wire3116 - 373025220 * origshadow_M_AXI_AWADDR_wire + 1.60213111973872742E18, 56624 * origARESETN - origshadow_M_AXI_AWADDR3116 + 56625 * origshadow_M_AXI_AWADDR_wire - 2.43202523079375E14, 7078 * shadow_M_AXI_AWADDR150 - 9 * origshadow_M_AXI_AWADDR3116 - 120354303 * origshadow_M_AXI_AWADDR_wire + 5.1691779507716608E17, M_AXI_AWADDR_INT % origM_AXI_AWADDR_wire, M_AXI_AWADDR_INT - 65536 * shadow_M_AXI_AWADDR3116 - shadow_M_AXI_AWADDR150, M_AXI_AWADDR_INT150 - 2 * origM_AXI_AWADDR_INT150 - 114066 * origshadow_M_AXI_AWADDR_wire + 4.89909739488474E14, M_AXI_AWADDR_INT3116 % origM_AXI_AWADDR_INT3116, M_AXI_AWADDR_INT3116 - 56624 * origARESETN - 56624 * origshadow_M_AXI_AWADDR_wire + 2.4319822811208E14, M_AXI_AWADDR_wire - 65536 * M_AXI_AWADDR_INT3116 - M_AXI_AWADDR_INT150, M_AXI_AWADDR_wire150, M_AXI_AWADDR_wire3116, reg22_w_config3116, reg23_w_config, reg23_w_config150, reg24_w_config, reg24_w_config150, reg24_w_config3116, reg25_w_config150, reg25_w_config3116, reg26_w_config, reg27_w_config, reg27_w_config150, reg27_w_config3116, reg28_w_config, reg28_w_config150, reg28_w_config3116, reg29_w_config, reg29_w_config150, reg29_w_config3116, reg30_w_config, reg30_w_config150, reg30_w_config3116, reg31_w_config, reg31_w_config150, reg31_w_config3116, reg32_w_config, reg32_w_config150, reg32_w_config3116, reg33_w_config, reg33_w_config150, reg33_w_config3116, reg34_w_config, reg34_w_config150, reg34_w_config3116, reg35_w_config, reg35_w_config150, reg35_w_config3116, reg36_w_config, reg36_w_config150, reg36_w_config3116, shadow_M_AXI_AWADDR, shadow_M_AXI_AWADDR150 % origM_AXI_AWADDR_INT150, shadow_M_AXI_AWADDR150 - origM_AXI_AWADDR_INT150 - 65535 * origshadow_M_AXI_AWADDR_wire + 2.81470681677825E14, shadow_M_AXI_AWADDR3116 % origM_AXI_AWADDR_INT3116, shadow_M_AXI_AWADDR3116 - 56624 * origARESETN - 56624 * origshadow_M_AXI_AWADDR_wire + 2.4319822811208E14, shadow_M_AXI_AWADDR_INT150, shadow_M_AXI_AWADDR_INT3116, origM_AXI_AWADDR_INT - 65536 * origshadow_M_AXI_AWADDR3116 - origshadow_M_AXI_AWADDR150, origM_AXI_AWADDR_wire - 65536 * origM_AXI_AWADDR_INT3116 - origM_AXI_AWADDR_INT150, origreg22_w_config3116, origreg23_w_config % origM_AXI_AWADDR_INT3116, origreg23_w_config % origM_AXI_AWADDR_wire, origreg23_w_config150 % origM_AXI_AWADDR_INT150, origreg23_w_config150 % origM_AXI_AWADDR_INT3116, origreg23_w_config150 % origM_AXI_AWADDR_wire, origshadow_M_AXI_AWADDR, origshadow_M_AXI_AWADDR3116 % origM_AXI_AWADDR_INT3116, origshadow_M_AXI_AWADDR_INT150, origshadow_M_AXI_AWADDR_INT3116
==: origARESETN, origreg22_w_config150
==: origM_AXI_AWADDR_wire150, origreg23_w_config150, origreg24_w_config150, origreg25_w_config150, origreg27_w_config150, origreg28_w_config150, origreg29_w_config150, origreg30_w_config150, origreg31_w_config150, origreg32_w_config150, origreg33_w_config150, origreg34_w_config150, origreg35_w_config150, origreg36_w_config150
==: origM_AXI_AWADDR_wire3116, origreg23_w_config, origreg24_w_config, origreg24_w_config3116, origreg25_w_config3116, origreg26_w_config, origreg27_w_config, origreg27_w_config3116, origreg28_w_config, origreg28_w_config3116, origreg29_w_config, origreg29_w_config3116, origreg30_w_config, origreg30_w_config3116, origreg31_w_config, origreg31_w_config3116, origreg32_w_config, origreg32_w_config3116, origreg33_w_config, origreg33_w_config3116, origreg34_w_config, origreg34_w_config3116, origreg35_w_config, origreg35_w_config3116, origreg36_w_config, origreg36_w_config3116
==: origshadow_M_AXI_AWADDR_wire150, origshadow_M_AXI_AWADDR_wire3116
origARESETN one of { 0, 1 }
origreg22_w_config one of { -1, 0, 2952790016L }
origreg23_w_config3116 one of { -1, 0, 45056 }
origreg23_w_config150 one of { 0, 65535 }
origreg23_w_config one of { -1, 0 }
origreg25_w_config one of { -1, 0, 4026580992L }
origreg26_w_config3116 one of { -1, 0, 61440 }
origreg26_w_config150 one of { 0, 49152, 65535 }
origshadow_M_AXI_AWADDR_INT one of { 0, 4294967295L }
origshadow_M_AXI_AWADDR_wire3116 one of { 0, 65535 }
origshadow_M_AXI_AWADDR_wire one of { 4294967294L, 4294967295L }

Given "0==orig(M_AXI_AWADDR_INT)":

==: 0, M_AXI_AWADDR_wire - 65536 * M_AXI_AWADDR_INT3116 - M_AXI_AWADDR_INT150, M_AXI_AWADDR_wire150, M_AXI_AWADDR_wire3116, reg22_w_config3116, reg23_w_config, reg23_w_config150, reg24_w_config, reg24_w_config150, reg24_w_config3116, reg25_w_config150, reg25_w_config3116, reg26_w_config, reg27_w_config, reg27_w_config150, reg27_w_config3116, reg28_w_config, reg28_w_config150, reg28_w_config3116, reg29_w_config, reg29_w_config150, reg29_w_config3116, reg30_w_config, reg30_w_config150, reg30_w_config3116, reg31_w_config, reg31_w_config150, reg31_w_config3116, reg32_w_config, reg32_w_config150, reg32_w_config3116, reg33_w_config, reg33_w_config150, reg33_w_config3116, reg34_w_config, reg34_w_config150, reg34_w_config3116, reg35_w_config, reg35_w_config150, reg35_w_config3116, reg36_w_config, reg36_w_config150, reg36_w_config3116, shadow_M_AXI_AWADDR, shadow_M_AXI_AWADDR_INT150, shadow_M_AXI_AWADDR_INT3116, origM_AXI_AWADDR_INT, origM_AXI_AWADDR_wire - 65536 * origM_AXI_AWADDR_INT3116 - origM_AXI_AWADDR_INT150, origM_AXI_AWADDR_wire150, origM_AXI_AWADDR_wire3116, origreg22_w_config3116, origreg23_w_config, origreg23_w_config150, origreg24_w_config, origreg24_w_config150, origreg24_w_config3116, origreg25_w_config150, origreg25_w_config3116, origreg26_w_config, origreg27_w_config, origreg27_w_config150, origreg27_w_config3116, origreg28_w_config, origreg28_w_config150, origreg28_w_config3116, origreg29_w_config, origreg29_w_config150, origreg29_w_config3116, origreg30_w_config, origreg30_w_config150, origreg30_w_config3116, origreg31_w_config, origreg31_w_config150, origreg31_w_config3116, origreg32_w_config, origreg32_w_config150, origreg32_w_config3116, origreg33_w_config, origreg33_w_config150, origreg33_w_config3116, origreg34_w_config, origreg34_w_config150, origreg34_w_config3116, origreg35_w_config, origreg35_w_config150, origreg35_w_config3116, origreg36_w_config, origreg36_w_config150, origreg36_w_config3116, origshadow_M_AXI_AWADDR, origshadow_M_AXI_AWADDR150, origshadow_M_AXI_AWADDR3116, origshadow_M_AXI_AWADDR_INT150, origshadow_M_AXI_AWADDR_INT3116
==: 4294967295L, shadow_M_AXI_AWADDR_wire, origshadow_M_AXI_AWADDR_wire
==: origARESETN, origreg22_w_config150
==: origshadow_M_AXI_AWADDR_wire150, origshadow_M_AXI_AWADDR_wire3116
origARESETN one of { 0, 1 }
origreg22_w_config one of { 0, 2952790016L }
origreg23_w_config3116 one of { 0, 45056 }
origreg25_w_config one of { 0, 4026580992L }
origreg26_w_config3116 one of { 0, 61440 }
origreg26_w_config150 one of { 0, 49152 }
origshadow_M_AXI_AWADDR_INT one of { 0, 4294967295L }
origshadow_M_AXI_AWADDR_wire3116 one of { 0, 65535 }

Given "not(0==orig(M_AXI_AWADDR_INT))":

==: 0, 108 * ARESETN + origshadow_M_AXI_AWADDR150 + 48423 * origshadow_M_AXI_AWADDR_wire - 2.07975201342897E14, 108 * ARESETN - M_AXI_AWADDR_INT150 + 17004 * origshadow_M_AXI_AWADDR_wire - 7.3031623867176E13, 14156 * M_AXI_AWADDR_INT150 - 27 * shadow_M_AXI_AWADDR3116 - 240708624 * origshadow_M_AXI_AWADDR_wire + 1.03383566746374349E18, 21845 * M_AXI_AWADDR_INT150 - 36 * shadow_M_AXI_AWADDR_wire3116 - 371452380 * origshadow_M_AXI_AWADDR_wire + 1.59537582337845965E18, 27 * reg23_w_config3116 - 11264 * M_AXI_AWADDR_INT150 + 191533056 * origshadow_M_AXI_AWADDR_wire - 8.2262821123987046E17, 65536 * origM_AXI_AWADDR_INT3116 - origM_AXI_AWADDR_INT + origshadow_M_AXI_AWADDR150, 9 * reg26_w_config150 - 4096 * M_AXI_AWADDR_INT150 + 69648384 * origshadow_M_AXI_AWADDR_wire - 2.991375313599529E17, 9 * reg26_w_config3116 - 5120 * M_AXI_AWADDR_INT150 + 87060480 * origshadow_M_AXI_AWADDR_wire - 3.7392191419994112E17, M_AXI_AWADDR_INT % origM_AXI_AWADDR_wire, M_AXI_AWADDR_INT - 65536 * shadow_M_AXI_AWADDR3116 - shadow_M_AXI_AWADDR150, M_AXI_AWADDR_INT150 - origM_AXI_AWADDR_INT150 - 65571 * origshadow_M_AXI_AWADDR_wire + 2.81625300500409E14, M_AXI_AWADDR_INT150 - origshadow_M_AXI_AWADDR150 - 65571 * origshadow_M_AXI_AWADDR_wire + 2.81625300500409E14, M_AXI_AWADDR_INT3116 % origM_AXI_AWADDR_INT3116, M_AXI_AWADDR_wire - 65536 * M_AXI_AWADDR_INT3116 - M_AXI_AWADDR_INT150, M_AXI_AWADDR_wire150, M_AXI_AWADDR_wire3116, reg22_w_config3116, reg23_w_config, reg23_w_config150, reg24_w_config, reg24_w_config150, reg24_w_config3116, reg25_w_config150, reg25_w_config3116, reg26_w_config, reg27_w_config, reg27_w_config150, reg27_w_config3116, reg28_w_config, reg28_w_config150, reg28_w_config3116, reg29_w_config, reg29_w_config150, reg29_w_config3116, reg30_w_config, reg30_w_config150, reg30_w_config3116, reg31_w_config, reg31_w_config150, reg31_w_config3116, reg32_w_config, reg32_w_config150, reg32_w_config3116, reg33_w_config, reg33_w_config150, reg33_w_config3116, reg34_w_config, reg34_w_config150, reg34_w_config3116, reg35_w_config, reg35_w_config150, reg35_w_config3116, reg36_w_config, reg36_w_config150, reg36_w_config3116, shadow_M_AXI_AWADDR, shadow_M_AXI_AWADDR150 % origM_AXI_AWADDR_INT150, shadow_M_AXI_AWADDR150 - 2 * origshadow_M_AXI_AWADDR150 - 114066 * origshadow_M_AXI_AWADDR_wire + 4.89909739488474E14, shadow_M_AXI_AWADDR150 - origM_AXI_AWADDR_INT150 - 65535 * origshadow_M_AXI_AWADDR_wire + 2.81470681677825E14, shadow_M_AXI_AWADDR3116 % origM_AXI_AWADDR_INT3116, shadow_M_AXI_AWADDR_INT150, shadow_M_AXI_AWADDR_INT3116, origM_AXI_AWADDR_wire - 65536 * origM_AXI_AWADDR_INT3116 - origM_AXI_AWADDR_INT150, origreg22_w_config3116, origreg23_w_config % origM_AXI_AWADDR_INT, origreg23_w_config % origM_AXI_AWADDR_INT3116, origreg23_w_config % origM_AXI_AWADDR_wire, origreg23_w_config150 % origM_AXI_AWADDR_INT, origreg23_w_config150 % origM_AXI_AWADDR_INT150, origreg23_w_config150 % origM_AXI_AWADDR_INT3116, origreg23_w_config150 % origM_AXI_AWADDR_wire, origreg23_w_config150 % origshadow_M_AXI_AWADDR150, origshadow_M_AXI_AWADDR, origshadow_M_AXI_AWADDR_INT150, origshadow_M_AXI_AWADDR_INT3116
==: 4294967295L, shadow_M_AXI_AWADDR_wire, origshadow_M_AXI_AWADDR_INT
==: 1, origARESETN, origreg22_w_config150
==: origM_AXI_AWADDR_wire150, origreg23_w_config150, origreg24_w_config150, origreg25_w_config150, origreg27_w_config150, origreg28_w_config150, origreg29_w_config150, origreg30_w_config150, origreg31_w_config150, origreg32_w_config150, origreg33_w_config150, origreg34_w_config150, origreg35_w_config150, origreg36_w_config150
==: origM_AXI_AWADDR_wire3116, origreg23_w_config, origreg24_w_config, origreg24_w_config3116, origreg25_w_config3116, origreg26_w_config, origreg27_w_config, origreg27_w_config3116, origreg28_w_config, origreg28_w_config3116, origreg29_w_config, origreg29_w_config3116, origreg30_w_config, origreg30_w_config3116, origreg31_w_config, origreg31_w_config3116, origreg32_w_config, origreg32_w_config3116, origreg33_w_config, origreg33_w_config3116, origreg34_w_config, origreg34_w_config3116, origreg35_w_config, origreg35_w_config3116, origreg36_w_config, origreg36_w_config3116
==: origM_AXI_AWADDR_INT3116, origshadow_M_AXI_AWADDR3116
==: 65535, origshadow_M_AXI_AWADDR_wire150, origshadow_M_AXI_AWADDR_wire3116
origreg22_w_config one of { -1, 2952790016L }
origreg23_w_config3116 one of { -1, 45056 }
origreg23_w_config150 one of { 0, 65535 }
origreg23_w_config one of { -1, 0 }
origreg25_w_config one of { -1, 4026580992L }
origreg26_w_config3116 one of { -1, 61440 }
origreg26_w_config150 one of { 49152, 65535 }
origshadow_M_AXI_AWADDR_wire one of { 4294967294L, 4294967295L }

Given "0==orig(shadow_M_AXI_AWADDR)":

==: 0, 1024 * shadow_M_AXI_AWADDR150 - 355 * origreg26_w_config150 - 23264925 * origshadow_M_AXI_AWADDR_wire + 9.9922091995627888E16, 14156 * M_AXI_AWADDR_INT150 - 9 * shadow_M_AXI_AWADDR3116 - 240708624 * origshadow_M_AXI_AWADDR_wire + 1.03383566746374349E18, 14156 * M_AXI_AWADDR_INT150 - 9 * origM_AXI_AWADDR_INT3116 - 240708615 * origshadow_M_AXI_AWADDR_wire + 1.03383562880903782E18, 14156 * shadow_M_AXI_AWADDR150 - 9 * origshadow_M_AXI_AWADDR3116 - 240708615 * origshadow_M_AXI_AWADDR_wire + 1.03383562880903782E18, 1417 * M_AXI_AWADDR_INT150 - 3 * shadow_M_AXI_AWADDR150 - 24094668 * origshadow_M_AXI_AWADDR_wire + 1.034858110197884E17, 21845 * M_AXI_AWADDR_INT150 - 12 * shadow_M_AXI_AWADDR_wire3116 - 371452380 * origshadow_M_AXI_AWADDR_wire + 1.59537582337845965E18, 21845 * M_AXI_AWADDR_INT150 - 5692 * origshadow_M_AXI_AWADDR_wire3116 - 373025220 * origshadow_M_AXI_AWADDR_wire + 1.6021311201101801E18, 4096 * M_AXI_AWADDR_INT150 - 1423 * origreg26_w_config150 - 93256305 * origshadow_M_AXI_AWADDR_wire + 4.0053278002754502E17, 4369 * shadow_M_AXI_AWADDR150 - 1136 * origshadow_M_AXI_AWADDR_wire3116 - 74447760 * origshadow_M_AXI_AWADDR_wire + 3.1975069438600922E17, 56624 * origARESETN - origshadow_M_AXI_AWADDR3116 + 56625 * origshadow_M_AXI_AWADDR_wire - 2.43202523079375E14, 7078 * M_AXI_AWADDR_INT150 - 9 * origshadow_M_AXI_AWADDR3116 - 120354303 * origshadow_M_AXI_AWADDR_wire + 5.1691779507716608E17, ARESETN - origARESETN - origshadow_M_AXI_AWADDR_wire + 4.294967295E9, M_AXI_AWADDR_INT - 65536 * shadow_M_AXI_AWADDR3116 - shadow_M_AXI_AWADDR150, M_AXI_AWADDR_INT150 - 17040 * origARESETN - 17040 * origshadow_M_AXI_AWADDR_wire + 7.31862427068E13, M_AXI_AWADDR_INT3116 - 56624 * origARESETN - 56624 * origshadow_M_AXI_AWADDR_wire + 2.4319822811208E14, M_AXI_AWADDR_wire - 65536 * M_AXI_AWADDR_INT3116 - M_AXI_AWADDR_INT150, M_AXI_AWADDR_wire150, M_AXI_AWADDR_wire3116, reg22_w_config3116, reg23_w_config, reg23_w_config150, reg24_w_config, reg24_w_config150, reg24_w_config3116, reg25_w_config150, reg25_w_config3116, reg26_w_config, reg27_w_config, reg27_w_config150, reg27_w_config3116, reg28_w_config, reg28_w_config150, reg28_w_config3116, reg29_w_config, reg29_w_config150, reg29_w_config3116, reg30_w_config, reg30_w_config150, reg30_w_config3116, reg31_w_config, reg31_w_config150, reg31_w_config3116, reg32_w_config, reg32_w_config150, reg32_w_config3116, reg33_w_config, reg33_w_config150, reg33_w_config3116, reg34_w_config, reg34_w_config150, reg34_w_config3116, reg35_w_config, reg35_w_config150, reg35_w_config3116, reg36_w_config, reg36_w_config150, reg36_w_config3116, shadow_M_AXI_AWADDR, shadow_M_AXI_AWADDR150 - 17040 * origARESETN - 17040 * origshadow_M_AXI_AWADDR_wire + 7.31862427068E13, shadow_M_AXI_AWADDR150 - origM_AXI_AWADDR_INT150 - 65535 * origshadow_M_AXI_AWADDR_wire + 2.8147068167782503E14, shadow_M_AXI_AWADDR3116 - 56624 * origARESETN - 56624 * origshadow_M_AXI_AWADDR_wire + 2.4319822811208E14, shadow_M_AXI_AWADDR_INT150, shadow_M_AXI_AWADDR_INT3116, origM_AXI_AWADDR_INT - 65536 * origshadow_M_AXI_AWADDR3116 - origshadow_M_AXI_AWADDR150, origM_AXI_AWADDR_wire - 65536 * origM_AXI_AWADDR_INT3116 - origM_AXI_AWADDR_INT150, origreg22_w_config3116, origshadow_M_AXI_AWADDR, origshadow_M_AXI_AWADDR_INT150, origshadow_M_AXI_AWADDR_INT3116
==: origARESETN, origreg22_w_config150
==: origM_AXI_AWADDR_wire150, origreg23_w_config150, origreg24_w_config150, origreg25_w_config150, origreg27_w_config150, origreg28_w_config150, origreg29_w_config150, origreg30_w_config150, origreg31_w_config150, origreg32_w_config150, origreg33_w_config150, origreg34_w_config150, origreg35_w_config150, origreg36_w_config150
==: origM_AXI_AWADDR_wire3116, origreg23_w_config, origreg24_w_config, origreg24_w_config3116, origreg25_w_config3116, origreg26_w_config, origreg27_w_config, origreg27_w_config3116, origreg28_w_config, origreg28_w_config3116, origreg29_w_config, origreg29_w_config3116, origreg30_w_config, origreg30_w_config3116, origreg31_w_config, origreg31_w_config3116, origreg32_w_config, origreg32_w_config3116, origreg33_w_config, origreg33_w_config3116, origreg34_w_config, origreg34_w_config3116, origreg35_w_config, origreg35_w_config3116, origreg36_w_config, origreg36_w_config3116
==: origshadow_M_AXI_AWADDR_wire150, origshadow_M_AXI_AWADDR_wire3116
origARESETN one of { 0, 1 }
origreg22_w_config one of { -1, 0, 2952790016L }
origreg23_w_config3116 one of { -1, 0, 45056 }
origreg23_w_config150 one of { 0, 65535 }
origreg23_w_config one of { -1, 0 }
origreg25_w_config one of { -1, 0, 4026580992L }
origreg26_w_config3116 one of { -1, 0, 61440 }
origreg26_w_config150 one of { 0, 49152, 65535 }
origshadow_M_AXI_AWADDR_INT one of { 0, 4294967295L }
origshadow_M_AXI_AWADDR_wire3116 one of { 0, 65535 }
origshadow_M_AXI_AWADDR_wire one of { 4294967294L, 4294967295L }

Given "0==orig(shadow_M_AXI_AWADDR_INT)":

==: 0, M_AXI_AWADDR_wire - 65536 * M_AXI_AWADDR_INT3116 - M_AXI_AWADDR_INT150, M_AXI_AWADDR_wire150, M_AXI_AWADDR_wire3116, reg22_w_config3116, reg23_w_config, reg23_w_config150, reg24_w_config, reg24_w_config150, reg24_w_config3116, reg25_w_config150, reg25_w_config3116, reg26_w_config, reg27_w_config, reg27_w_config150, reg27_w_config3116, reg28_w_config, reg28_w_config150, reg28_w_config3116, reg29_w_config, reg29_w_config150, reg29_w_config3116, reg30_w_config, reg30_w_config150, reg30_w_config3116, reg31_w_config, reg31_w_config150, reg31_w_config3116, reg32_w_config, reg32_w_config150, reg32_w_config3116, reg33_w_config, reg33_w_config150, reg33_w_config3116, reg34_w_config, reg34_w_config150, reg34_w_config3116, reg35_w_config, reg35_w_config150, reg35_w_config3116, reg36_w_config, reg36_w_config150, reg36_w_config3116, shadow_M_AXI_AWADDR, shadow_M_AXI_AWADDR_INT150, shadow_M_AXI_AWADDR_INT3116, origM_AXI_AWADDR_INT, origM_AXI_AWADDR_wire - 65536 * origM_AXI_AWADDR_INT3116 - origM_AXI_AWADDR_INT150, origM_AXI_AWADDR_wire150, origM_AXI_AWADDR_wire3116, origreg22_w_config3116, origreg23_w_config, origreg23_w_config150, origreg24_w_config, origreg24_w_config150, origreg24_w_config3116, origreg25_w_config150, origreg25_w_config3116, origreg26_w_config, origreg27_w_config, origreg27_w_config150, origreg27_w_config3116, origreg28_w_config, origreg28_w_config150, origreg28_w_config3116, origreg29_w_config, origreg29_w_config150, origreg29_w_config3116, origreg30_w_config, origreg30_w_config150, origreg30_w_config3116, origreg31_w_config, origreg31_w_config150, origreg31_w_config3116, origreg32_w_config, origreg32_w_config150, origreg32_w_config3116, origreg33_w_config, origreg33_w_config150, origreg33_w_config3116, origreg34_w_config, origreg34_w_config150, origreg34_w_config3116, origreg35_w_config, origreg35_w_config150, origreg35_w_config3116, origreg36_w_config, origreg36_w_config150, origreg36_w_config3116, origshadow_M_AXI_AWADDR, origshadow_M_AXI_AWADDR150, origshadow_M_AXI_AWADDR3116, origshadow_M_AXI_AWADDR_INT, origshadow_M_AXI_AWADDR_INT150, origshadow_M_AXI_AWADDR_INT3116, origshadow_M_AXI_AWADDR_wire150, origshadow_M_AXI_AWADDR_wire3116
==: 4294967295L, shadow_M_AXI_AWADDR_wire, origshadow_M_AXI_AWADDR_wire
==: origARESETN, origreg22_w_config150
origARESETN one of { 0, 1 }
origreg22_w_config one of { 0, 2952790016L }
origreg23_w_config3116 one of { 0, 45056 }
origreg25_w_config one of { 0, 4026580992L }
origreg26_w_config3116 one of { 0, 61440 }
origreg26_w_config150 one of { 0, 49152 }

Given "not(0==orig(shadow_M_AXI_AWADDR_INT))":

==: 0, 108 * ARESETN + origshadow_M_AXI_AWADDR150 + 48423 * origshadow_M_AXI_AWADDR_wire - 2.07975201342897E14, 108 * ARESETN - M_AXI_AWADDR_INT150 + 17004 * origshadow_M_AXI_AWADDR_wire - 7.3031623867176E13, 14156 * M_AXI_AWADDR_INT150 - 27 * shadow_M_AXI_AWADDR3116 - 240708624 * origshadow_M_AXI_AWADDR_wire + 1.03383566746374349E18, 16383 * M_AXI_AWADDR_INT3116 - origreg26_w_config150 - 16383 * origM_AXI_AWADDR_INT3116 + 49152, 2.952790017E9 * M_AXI_AWADDR_INT3116 + origreg22_w_config - 2.952790017E9 * origM_AXI_AWADDR_INT3116 - 2.952790016E9, 21845 * M_AXI_AWADDR_INT150 - 36 * shadow_M_AXI_AWADDR_wire3116 - 371452380 * origshadow_M_AXI_AWADDR_wire + 1.59537582337845965E18, 27 * reg23_w_config3116 - 11264 * M_AXI_AWADDR_INT150 + 191533056 * origshadow_M_AXI_AWADDR_wire - 8.2262821123987046E17, 4.026580993E9 * M_AXI_AWADDR_INT3116 + origreg25_w_config - 4.026580993E9 * origM_AXI_AWADDR_INT3116 - 4.026580992E9, 45057 * M_AXI_AWADDR_INT3116 + origreg23_w_config3116 - 45057 * origM_AXI_AWADDR_INT3116 - 45056, 56624 * M_AXI_AWADDR_INT3116 - 40863 * origshadow_M_AXI_AWADDR3116 - 892410001 * origshadow_M_AXI_AWADDR_wire + 3.8328717671334666E18, 56624 * origM_AXI_AWADDR_INT3116 - 40863 * origshadow_M_AXI_AWADDR3116 - 892466625 * origshadow_M_AXI_AWADDR_wire + 3.8331149653615785E18, 61441 * M_AXI_AWADDR_INT3116 + origreg26_w_config3116 - 61441 * origM_AXI_AWADDR_INT3116 - 61440, 65535 * M_AXI_AWADDR_INT3116 - origreg23_w_config150 - 65535 * origM_AXI_AWADDR_INT3116, 9 * reg26_w_config150 - 4096 * M_AXI_AWADDR_INT150 + 69648384 * origshadow_M_AXI_AWADDR_wire - 2.991375313599529E17, 9 * reg26_w_config3116 - 5120 * M_AXI_AWADDR_INT150 + 87060480 * origshadow_M_AXI_AWADDR_wire - 3.7392191419994112E17, M_AXI_AWADDR_INT % origM_AXI_AWADDR_wire, M_AXI_AWADDR_INT - 65536 * shadow_M_AXI_AWADDR3116 - shadow_M_AXI_AWADDR150, M_AXI_AWADDR_INT150 - origM_AXI_AWADDR_INT150 - 65571 * origshadow_M_AXI_AWADDR_wire + 2.81625300500409E14, M_AXI_AWADDR_INT150 - origshadow_M_AXI_AWADDR150 - 65571 * origshadow_M_AXI_AWADDR_wire + 2.81625300500409E14, M_AXI_AWADDR_INT3116 % origM_AXI_AWADDR_INT3116, M_AXI_AWADDR_INT3116 + origreg23_w_config - origM_AXI_AWADDR_INT3116, M_AXI_AWADDR_wire - 65536 * M_AXI_AWADDR_INT3116 - M_AXI_AWADDR_INT150, M_AXI_AWADDR_wire150, M_AXI_AWADDR_wire3116, reg22_w_config3116, reg23_w_config, reg23_w_config150, reg24_w_config, reg24_w_config150, reg24_w_config3116, reg25_w_config150, reg25_w_config3116, reg26_w_config, reg27_w_config, reg27_w_config150, reg27_w_config3116, reg28_w_config, reg28_w_config150, reg28_w_config3116, reg29_w_config, reg29_w_config150, reg29_w_config3116, reg30_w_config, reg30_w_config150, reg30_w_config3116, reg31_w_config, reg31_w_config150, reg31_w_config3116, reg32_w_config, reg32_w_config150, reg32_w_config3116, reg33_w_config, reg33_w_config150, reg33_w_config3116, reg34_w_config, reg34_w_config150, reg34_w_config3116, reg35_w_config, reg35_w_config150, reg35_w_config3116, reg36_w_config, reg36_w_config150, reg36_w_config3116, shadow_M_AXI_AWADDR, shadow_M_AXI_AWADDR150 % origM_AXI_AWADDR_INT150, shadow_M_AXI_AWADDR150 - 2 * origshadow_M_AXI_AWADDR150 - 114066 * origshadow_M_AXI_AWADDR_wire + 4.89909739488474E14, shadow_M_AXI_AWADDR150 - origM_AXI_AWADDR_INT150 - 65535 * origshadow_M_AXI_AWADDR_wire + 2.81470681677825E14, shadow_M_AXI_AWADDR3116 % origM_AXI_AWADDR_INT3116, shadow_M_AXI_AWADDR_INT150, shadow_M_AXI_AWADDR_INT3116, origM_AXI_AWADDR_INT - 65536 * origshadow_M_AXI_AWADDR3116 - origshadow_M_AXI_AWADDR150, origM_AXI_AWADDR_wire - 65536 * origM_AXI_AWADDR_INT3116 - origM_AXI_AWADDR_INT150, origreg22_w_config3116, origreg23_w_config % origM_AXI_AWADDR_INT3116, origreg23_w_config % origM_AXI_AWADDR_wire, origreg23_w_config150 % origM_AXI_AWADDR_INT150, origreg23_w_config150 % origM_AXI_AWADDR_INT3116, origreg23_w_config150 % origM_AXI_AWADDR_wire, origshadow_M_AXI_AWADDR, origshadow_M_AXI_AWADDR3116 % origM_AXI_AWADDR_INT3116, origshadow_M_AXI_AWADDR_INT150, origshadow_M_AXI_AWADDR_INT3116
==: 4294967295L, shadow_M_AXI_AWADDR_wire, origshadow_M_AXI_AWADDR_INT
==: 1, origARESETN, origreg22_w_config150
==: origM_AXI_AWADDR_wire150, origreg23_w_config150, origreg24_w_config150, origreg25_w_config150, origreg27_w_config150, origreg28_w_config150, origreg29_w_config150, origreg30_w_config150, origreg31_w_config150, origreg32_w_config150, origreg33_w_config150, origreg34_w_config150, origreg35_w_config150, origreg36_w_config150
==: origM_AXI_AWADDR_wire3116, origreg23_w_config, origreg24_w_config, origreg24_w_config3116, origreg25_w_config3116, origreg26_w_config, origreg27_w_config, origreg27_w_config3116, origreg28_w_config, origreg28_w_config3116, origreg29_w_config, origreg29_w_config3116, origreg30_w_config, origreg30_w_config3116, origreg31_w_config, origreg31_w_config3116, origreg32_w_config, origreg32_w_config3116, origreg33_w_config, origreg33_w_config3116, origreg34_w_config, origreg34_w_config3116, origreg35_w_config, origreg35_w_config3116, origreg36_w_config, origreg36_w_config3116
==: 65535, origshadow_M_AXI_AWADDR_wire150, origshadow_M_AXI_AWADDR_wire3116
origreg22_w_config one of { -1, 2952790016L }
origreg23_w_config3116 one of { -1, 45056 }
origreg23_w_config150 one of { 0, 65535 }
origreg23_w_config one of { -1, 0 }
origreg25_w_config one of { -1, 4026580992L }
origreg26_w_config3116 one of { -1, 61440 }
origreg26_w_config150 one of { 49152, 65535 }
origshadow_M_AXI_AWADDR_wire one of { 4294967294L, 4294967295L }

Given "not(0==orig(shadow_M_AXI_AWADDR_wire))":

==: 0, 1024 * shadow_M_AXI_AWADDR150 - 355 * origreg26_w_config150 - 23264925 * origshadow_M_AXI_AWADDR_wire + 9.9922091995627888E16, 14156 * M_AXI_AWADDR_INT150 - 9 * shadow_M_AXI_AWADDR3116 - 240708624 * origshadow_M_AXI_AWADDR_wire + 1.03383566746374349E18, 14156 * M_AXI_AWADDR_INT150 - 9 * origM_AXI_AWADDR_INT3116 - 240708615 * origshadow_M_AXI_AWADDR_wire + 1.03383562880903782E18, 14156 * shadow_M_AXI_AWADDR150 - 9 * origshadow_M_AXI_AWADDR3116 - 240708615 * origshadow_M_AXI_AWADDR_wire + 1.03383562880903782E18, 1417 * M_AXI_AWADDR_INT150 - 3 * shadow_M_AXI_AWADDR150 - 24094668 * origshadow_M_AXI_AWADDR_wire + 1.034858110197884E17, 21845 * M_AXI_AWADDR_INT150 - 12 * shadow_M_AXI_AWADDR_wire3116 - 371452380 * origshadow_M_AXI_AWADDR_wire + 1.59537582337845965E18, 21845 * M_AXI_AWADDR_INT150 - 5692 * origshadow_M_AXI_AWADDR_wire3116 - 373025220 * origshadow_M_AXI_AWADDR_wire + 1.6021311201101801E18, 4096 * M_AXI_AWADDR_INT150 - 1423 * origreg26_w_config150 - 93256305 * origshadow_M_AXI_AWADDR_wire + 4.0053278002754502E17, 4369 * shadow_M_AXI_AWADDR150 - 1136 * origshadow_M_AXI_AWADDR_wire3116 - 74447760 * origshadow_M_AXI_AWADDR_wire + 3.1975069438600922E17, 56624 * origARESETN - origshadow_M_AXI_AWADDR3116 + 56625 * origshadow_M_AXI_AWADDR_wire - 2.43202523079375E14, 7078 * M_AXI_AWADDR_INT150 - 9 * origshadow_M_AXI_AWADDR3116 - 120354303 * origshadow_M_AXI_AWADDR_wire + 5.1691779507716608E17, ARESETN - origARESETN - origshadow_M_AXI_AWADDR_wire + 4.294967295E9, M_AXI_AWADDR_INT - 65536 * shadow_M_AXI_AWADDR3116 - shadow_M_AXI_AWADDR150, M_AXI_AWADDR_INT150 - 17040 * origARESETN - 17040 * origshadow_M_AXI_AWADDR_wire + 7.31862427068E13, M_AXI_AWADDR_INT3116 - 56624 * origARESETN - 56624 * origshadow_M_AXI_AWADDR_wire + 2.4319822811208E14, M_AXI_AWADDR_wire - 65536 * M_AXI_AWADDR_INT3116 - M_AXI_AWADDR_INT150, M_AXI_AWADDR_wire150, M_AXI_AWADDR_wire3116, reg22_w_config3116, reg23_w_config, reg23_w_config150, reg24_w_config, reg24_w_config150, reg24_w_config3116, reg25_w_config150, reg25_w_config3116, reg26_w_config, reg27_w_config, reg27_w_config150, reg27_w_config3116, reg28_w_config, reg28_w_config150, reg28_w_config3116, reg29_w_config, reg29_w_config150, reg29_w_config3116, reg30_w_config, reg30_w_config150, reg30_w_config3116, reg31_w_config, reg31_w_config150, reg31_w_config3116, reg32_w_config, reg32_w_config150, reg32_w_config3116, reg33_w_config, reg33_w_config150, reg33_w_config3116, reg34_w_config, reg34_w_config150, reg34_w_config3116, reg35_w_config, reg35_w_config150, reg35_w_config3116, reg36_w_config, reg36_w_config150, reg36_w_config3116, shadow_M_AXI_AWADDR, shadow_M_AXI_AWADDR150 - 17040 * origARESETN - 17040 * origshadow_M_AXI_AWADDR_wire + 7.31862427068E13, shadow_M_AXI_AWADDR150 - origM_AXI_AWADDR_INT150 - 65535 * origshadow_M_AXI_AWADDR_wire + 2.8147068167782503E14, shadow_M_AXI_AWADDR3116 - 56624 * origARESETN - 56624 * origshadow_M_AXI_AWADDR_wire + 2.4319822811208E14, shadow_M_AXI_AWADDR_INT150, shadow_M_AXI_AWADDR_INT3116, origM_AXI_AWADDR_INT - 65536 * origshadow_M_AXI_AWADDR3116 - origshadow_M_AXI_AWADDR150, origM_AXI_AWADDR_wire - 65536 * origM_AXI_AWADDR_INT3116 - origM_AXI_AWADDR_INT150, origreg22_w_config3116, origshadow_M_AXI_AWADDR, origshadow_M_AXI_AWADDR_INT150, origshadow_M_AXI_AWADDR_INT3116
==: origARESETN, origreg22_w_config150
==: origM_AXI_AWADDR_wire150, origreg23_w_config150, origreg24_w_config150, origreg25_w_config150, origreg27_w_config150, origreg28_w_config150, origreg29_w_config150, origreg30_w_config150, origreg31_w_config150, origreg32_w_config150, origreg33_w_config150, origreg34_w_config150, origreg35_w_config150, origreg36_w_config150
==: origM_AXI_AWADDR_wire3116, origreg23_w_config, origreg24_w_config, origreg24_w_config3116, origreg25_w_config3116, origreg26_w_config, origreg27_w_config, origreg27_w_config3116, origreg28_w_config, origreg28_w_config3116, origreg29_w_config, origreg29_w_config3116, origreg30_w_config, origreg30_w_config3116, origreg31_w_config, origreg31_w_config3116, origreg32_w_config, origreg32_w_config3116, origreg33_w_config, origreg33_w_config3116, origreg34_w_config, origreg34_w_config3116, origreg35_w_config, origreg35_w_config3116, origreg36_w_config, origreg36_w_config3116
==: origshadow_M_AXI_AWADDR_wire150, origshadow_M_AXI_AWADDR_wire3116
origARESETN one of { 0, 1 }
origreg22_w_config one of { -1, 0, 2952790016L }
origreg23_w_config3116 one of { -1, 0, 45056 }
origreg23_w_config150 one of { 0, 65535 }
origreg23_w_config one of { -1, 0 }
origreg25_w_config one of { -1, 0, 4026580992L }
origreg26_w_config3116 one of { -1, 0, 61440 }
origreg26_w_config150 one of { 0, 49152, 65535 }
origshadow_M_AXI_AWADDR_INT one of { 0, 4294967295L }
origshadow_M_AXI_AWADDR_wire3116 one of { 0, 65535 }
origshadow_M_AXI_AWADDR_wire one of { 4294967294L, 4294967295L }
