
Given "not(1==orig(out_t))":


Given "not(1==orig(key_t))":

==: 1, delay
out_t one of { 0, 1000000010000000100000001000000010000000100000001000000010000000100000001000000010000000100000001000000010000000100000001, 11111111111111111111111111111111111111111111111111111111111111111111111111111111111111111111111111111111111111111111111111111111 }
key_t one of { 0, 11111111111111111111111111111111111111111111111111111111111111111111111111111111111111111111111111111111111111111111111111111111 }
state_t one of { 0, 11111111111111111111111111111111111111111111111111111111111111111111111111111111111111111111111111111111111111111111111111111111 }
#-1 key_t one of { 0, 11111111111111111111111111111111111111111111111111111111111111111111111111111111111111111111111111111111111111111111111111111111 }
#-1 state_t one of { 0, 11111111111111111111111111111111111111111111111111111111111111111111111111111111111111111111111111111111111111111111111111111111 }
#-1 delay one of { 0, 1 }

Given "not(1==orig(state_t))":

==: 1, delay
out_t one of { 0, 1000000010000000100000001000000010000000100000001000000010000000100000001000000010000000100000001000000010000000100000001, 11111111111111111111111111111111111111111111111111111111111111111111111111111111111111111111111111111111111111111111111111111111 }
key_t one of { 0, 11111111111111111111111111111111111111111111111111111111111111111111111111111111111111111111111111111111111111111111111111111111 }
state_t one of { 0, 11111111111111111111111111111111111111111111111111111111111111111111111111111111111111111111111111111111111111111111111111111111 }
#-1 key_t one of { 0, 11111111111111111111111111111111111111111111111111111111111111111111111111111111111111111111111111111111111111111111111111111111 }
#-1 state_t one of { 0, 11111111111111111111111111111111111111111111111111111111111111111111111111111111111111111111111111111111111111111111111111111111 }
#-1 delay one of { 0, 1 }

Given "not(1==orig(out_t) && 0==orig(out_t) && 0==orig(out_t))":

==: 1, delay
out_t one of { 0, 1000000010000000100000001000000010000000100000001000000010000000100000001000000010000000100000001000000010000000100000001, 11111111111111111111111111111111111111111111111111111111111111111111111111111111111111111111111111111111111111111111111111111111 }
key_t one of { 0, 11111111111111111111111111111111111111111111111111111111111111111111111111111111111111111111111111111111111111111111111111111111 }
state_t one of { 0, 11111111111111111111111111111111111111111111111111111111111111111111111111111111111111111111111111111111111111111111111111111111 }
#-1 key_t one of { 0, 11111111111111111111111111111111111111111111111111111111111111111111111111111111111111111111111111111111111111111111111111111111 }
#-1 state_t one of { 0, 11111111111111111111111111111111111111111111111111111111111111111111111111111111111111111111111111111111111111111111111111111111 }
#-1 delay one of { 0, 1 }

Given "not(1==orig(key_t) && 0==orig(key_t) && 0==orig(key_t))":

==: 1, delay
out_t one of { 0, 1000000010000000100000001000000010000000100000001000000010000000100000001000000010000000100000001000000010000000100000001, 11111111111111111111111111111111111111111111111111111111111111111111111111111111111111111111111111111111111111111111111111111111 }
key_t one of { 0, 11111111111111111111111111111111111111111111111111111111111111111111111111111111111111111111111111111111111111111111111111111111 }
state_t one of { 0, 11111111111111111111111111111111111111111111111111111111111111111111111111111111111111111111111111111111111111111111111111111111 }
#-1 key_t one of { 0, 11111111111111111111111111111111111111111111111111111111111111111111111111111111111111111111111111111111111111111111111111111111 }
#-1 state_t one of { 0, 11111111111111111111111111111111111111111111111111111111111111111111111111111111111111111111111111111111111111111111111111111111 }
#-1 delay one of { 0, 1 }

Given "not(1==orig(state_t) && 0==orig(state_t) && 0==orig(state_t))":

